<?xml version="1.0" encoding="UTF-8"?>
<!-- Generated by org.testng.reporters.JUnitReportReporter -->
<testsuite hostname="Tokyos-Air" failures="0" tests="1" name="automationSolution.TestCase" time="6.478" errors="0" timestamp="2022-07-14T21:01:43 SAST" skipped="0">
  <testcase classname="automationSolution.TestCase" name="testing" time="6.478"/>
  <system-out/>
</testsuite> <!-- automationSolution.TestCase -->
